<?xml version="1.0" encoding="utf-8"?><testsuites name="pytest tests"><testsuite name="pytest" errors="0" failures="0" skipped="1" tests="9" time="1.755" timestamp="2025-11-25T11:50:35.414100+08:00" hostname="DESKTOP-1IL05A9"><testcase classname="tests.test_api" name="test_get_events" time="1.345" /><testcase classname="tests.test_api" name="test_get_event_detail_requires_valid_id" time="0.097" /><testcase classname="tests.test_feature_flags" name="test_toggle_feature_flag_changes_behavior" time="0.117"><skipped type="pytest.skip" message="feature-flag API not available; adapt test to your system">C:\Users\User\TixMaster\tests\test_feature_flags.py:24: feature-flag API not available; adapt test to your system</skipped></testcase><testcase classname="tests.test_security" name="test_auth_required_for_protected_routes" time="0.008" /><testcase classname="tests.test_security" name="test_sql_injection_login" time="0.096" /><testcase classname="tests.test_security" name="test_missing_csrf_or_headers" time="0.006" /><testcase classname="tests.test_security" name="test_sql_injection" time="0.003" /><testcase classname="tests.test_security" name="test_xss_attack" time="0.002" /><testcase classname="tests.test_security" name="test_normal_input" time="0.002" /></testsuite></testsuites>